<?xml version="1.0" encoding="UTF-8"?>
<!-- Generated by org.testng.reporters.JUnitReportReporter -->
<testsuite hostname="Emir-TOSH" failures="0" tests="3" name="EmirSeho.tests.SubmitOrderTestEmirSeho" time="45.085" errors="0" timestamp="2022-12-23T13:43:45 CET" skipped="0">
  <testcase classname="EmirSeho.tests.SubmitOrderTestEmirSeho" name="submitOrder" time="12.839"/>
  <system-out/>
  <testcase classname="EmirSeho.tests.SubmitOrderTestEmirSeho" name="OrderHistoryTest" time="11.256"/>
  <system-out/>
  <testcase classname="EmirSeho.tests.SubmitOrderTestEmirSeho" name="submitOrder" time="20.990"/>
  <system-out/>
</testsuite> <!-- EmirSeho.tests.SubmitOrderTestEmirSeho -->
