<?xml version="1.0" encoding="UTF-8"?>
<!-- Generated by org.testng.reporters.JUnitReportReporter -->
<testsuite hostname="Emir-TOSH" failures="0" tests="2" name="EmirSeho.tests.ErrorValidationsTestEmirSeho" time="36.709" errors="0" timestamp="2022-12-23T13:41:10 CET" skipped="0">
  <testcase classname="EmirSeho.tests.ErrorValidationsTestEmirSeho" name="ProductErrorValidation" time="20.099"/>
  <system-out/>
  <testcase classname="EmirSeho.tests.ErrorValidationsTestEmirSeho" name="LoginErrorValidation" time="16.610"/>
  <system-out/>
</testsuite> <!-- EmirSeho.tests.ErrorValidationsTestEmirSeho -->
