<?xml version="1.0" encoding="UTF-8"?>
<!-- Generated by org.testng.reporters.JUnitReportReporter -->
<testsuite hostname="Emir-TOSH" failures="0" tests="1" name="EmirSeho.tests.SubmitOrderTestEmirSeho2" time="12.942" errors="0" timestamp="2022-11-17T14:47:07 CET" skipped="0">
  <testcase classname="EmirSeho.tests.SubmitOrderTestEmirSeho2" name="submitOrder" time="12.942"/>
  <system-out/>
</testsuite> <!-- EmirSeho.tests.SubmitOrderTestEmirSeho2 -->
