<?xml version="1.0" encoding="UTF-8"?>
<!-- Generated by org.testng.reporters.JUnitReportReporter -->
<testsuite hostname="Emir-TOSH" failures="0" tests="1" name="cucumber.TestNGTestRunner" time="0.285" errors="0" timestamp="2022-12-12T13:54:31 CET" skipped="0">
  <testcase classname="cucumber.TestNGTestRunner" name="runScenario" time="0.285"/>
  <system-out/>
</testsuite> <!-- cucumber.TestNGTestRunner -->
